<?xml version="1.0" encoding="UTF-8"?>
<!-- Generated by org.testng.reporters.JUnitReportReporter -->
<testsuite hostname="DESKTOP-64BULFN" failures="0" tests="1" name="studentAPITest.PostAPITest" time="3.451" errors="0" timestamp="2024-02-09T12:47:30 IST" skipped="0">
  <testcase classname="studentAPITest.PostAPITest" name="validPostAPITest" time="3.451"/>
</testsuite> <!-- studentAPITest.PostAPITest -->
