<?xml version="1.0" encoding="UTF-8"?>
<!-- Generated by org.testng.reporters.JUnitReportReporter -->
<testsuite hostname="DESKTOP-64BULFN" failures="0" tests="7" name="testCase1.LoginModule.TC001_LoginValidation" time="0.069" errors="0" timestamp="2024-04-24T15:57:09 IST" skipped="0">
  <testcase classname="testCase1.LoginModule.TC001_LoginValidation" name="loginAPI_checkServerType" time="0.003"/>
  <testcase classname="testCase1.LoginModule.TC001_LoginValidation" name="loginAPI_checkResponseTime" time="0.004"/>
  <testcase classname="testCase1.LoginModule.TC001_LoginValidation" name="loginAPI_checkContentType" time="0.002"/>
  <testcase classname="testCase1.LoginModule.TC001_LoginValidation" name="loginAPI_ResponseBody" time="0.054"/>
  <testcase classname="testCase1.LoginModule.TC001_LoginValidation" name="loginAPI_checkStatusLine" time="0.002"/>
  <testcase classname="testCase1.LoginModule.TC001_LoginValidation" name="loginAPI_printAllHeader" time="0.002"/>
  <testcase classname="testCase1.LoginModule.TC001_LoginValidation" name="loginAPI_StatusCode" time="0.002"/>
</testsuite> <!-- testCase1.LoginModule.TC001_LoginValidation -->
