<?xml version="1.0" encoding="UTF-8"?>
<!-- Generated by org.testng.reporters.JUnitReportReporter -->
<testsuite hostname="DESKTOP-64BULFN" failures="0" tests="7" name="testCase2.CustomerModule.TC001_GetCustomerAPI" time="0.047" errors="0" timestamp="2024-04-24T15:16:29 IST" skipped="0">
  <testcase classname="testCase2.CustomerModule.TC001_GetCustomerAPI" name="getCustomerList_API_checkResponseTime" time="0.003"/>
  <testcase classname="testCase2.CustomerModule.TC001_GetCustomerAPI" name="getCustomerList_API_checkStatusCode" time="0.006"/>
  <testcase classname="testCase2.CustomerModule.TC001_GetCustomerAPI" name="getCustomerList_API_checkServerType" time="0.001"/>
  <testcase classname="testCase2.CustomerModule.TC001_GetCustomerAPI" name="getCustomerList_API_printAllHeader" time="0.002"/>
  <testcase classname="testCase2.CustomerModule.TC001_GetCustomerAPI" name="getCustomerList_API_checkResponseBody" time="0.011"/>
  <testcase classname="testCase2.CustomerModule.TC001_GetCustomerAPI" name="getCustomerList_API_checkContentType" time="0.022"/>
  <testcase classname="testCase2.CustomerModule.TC001_GetCustomerAPI" name="getCustomerList_API_checkStatusLine" time="0.002"/>
</testsuite> <!-- testCase2.CustomerModule.TC001_GetCustomerAPI -->
